0 0 0 0
0 0 0 0
0 28104576 28104608 28104640
0 0 0 0
0 0 0 0
0 0 0 0
0 0 0 0
0 0 0 0
0 0 0 0
0 0 0 0
0 0 0 0
0 28136848 28136880 28136912
0 0 0 0
0 0 0 0
0 0 0 0
0 0 0 0
0 0 0 0
280 280 280 280
0 0 0 0
0 0 0 0
0 0 0 0
0 0 0 0
0 0 0 0
0 0 0 0
0 0 0 0
0 0 0 0
0 0 0 0
0 0 0 0
0 0 0 0
0 0 0 0
10 12 8 7
0 0 0 0
0 0 0 0
0 0 0 0
8 8 8 8
0 0 0 0
0 0 0 0
0 0 0 0
0 0 0 0
0 0 0 0
0 0 0 0
26 26 26 26
1 1 1 1
0 0 0 0
0 0 0 0
0 0 0 0
0 0 0 0
0 0 0 0
0 0 0 0
0 0 0 0
0 28225808 28225840 28225872
0 0 0 0
0 0 0 0
0 0 0 0
0 0 0 0
0 0 0 0
0 0 0 0
3 3 3 3
0 0 0 0
0 0 0 0
0 0 0 0
0 0 0 1
1 1 1 1
0 0 0 0
1 2 0 1
23 23 23 23
0 0 0 0
0 0 0 0
1 28255728 28255760 28255794
0 0 0 0
0 0 0 0
0 28260064 28260096 28260128
0 0 0 0
0 0 0 0
0 0 0 0
0 0 0 0
8 8 8 8
86 86 86 86
0 0 0 0
0 0 0 0
0 0 0 0
0 0 0 0
0 0 0 0
0 0 0 0
169 169 169 169
1 1 1 1
0 0 0 0
36 36 36 36
0 0 0 0
0 0 0 0
0 0 0 0
0 0 0 0
0 0 0 0
0 0 0 0
0 0 0 0
0 0 0 0
6 6 6 6
0 0 0 0
2 1 2 2
0 0 0 0
0 0 0 0
0 0 0 0
21 31 17 35
0 0 0 0
0 0 0 0
0 0 0 0
0 0 0 0
0 0 0 0
0 0 0 0
0 0 0 0
81 28334993 28335025 28335057
0 0 0 0
0 0 0 0
0 0 0 0
0 0 0 0
0 0 0 0
0 28350880 28350912 28350944
0 0 0 0
1 1 1 1
0 0 0 0
0 0 0 0
0 0 0 0
0 0 0 0
12 12 12 12
0 0 0 0
0 0 0 0
0 0 0 0
0 0 0 0
