Case #1: CAB
Case #2: MJA
Case #3: OCDE
Case #4: BBAAA
Case #5: CCCABBBAB
Case #6: CCCBAABAB
Case #7: ZXCASDQWE
Case #8: DDDCCBBBBBAAA
Case #9: ZQKKQWLNMWMKDSP
Case #10: CCCCBBAAAAAAABA
Case #11: ZABCD
Case #12: OBNJHFMEIAKLGCD
Case #13: CCCCCCCAAAAAAAB
Case #14: ZXVVSMFNQHPTDVM
Case #15: CBA
Case #16: BBBBBAAAAAAAA
Case #17: ZAAAA
Case #18: CBA
Case #19: CCCCCABAABBABAB
Case #20: CCCBBBBAABAABBA
Case #21: OKECADNHMJBGFLI
Case #22: MMLAIGFEABCDHJK
Case #23: CCCCBBBABBBBBAA
Case #24: BAAA
Case #25: CCCCCBBBBBAAAAA
Case #26: CBBBAAAAAAAAA
Case #27: DCCCCCBBAAAABA
Case #28: BA
Case #29: CCCCCCAABBBABBB
Case #30: CCCCCBBBBBAAAAA
Case #31: CCCCCBBBBBAAAAA
Case #32: BAA
Case #33: ZACBA
Case #34: CCCCCCAABAAABAB
Case #35: CCCCCBBAAABBAAB
Case #36: CBA
Case #37: ZADBC
Case #38: CCCCBBAAAABBB
Case #39: DDCBBBBAAABBB
Case #40: CCCBBBBAABAAAB
Case #41: CCCCCBBBBBAAAAA
Case #42: ZABYCXDWEU
Case #43: BBB
Case #44: ZAYBXCWDUE
Case #45: CCCCCCCBBAAAAB
Case #46: CBA
Case #47: BAAA
Case #48: MMDFGHKALJIECBA
Case #49: MMLKHBACDEFGIJA
Case #50: AA
Case #51: ONMBAKLIGFCJHDE
Case #52: ZDABC
Case #53: CCCCCAAAABBBBBA
Case #54: CCCCCBBBBAAAAAB
Case #55: CCCCCAAABAAAABA
Case #56: CCCCCBBBABABAAA
Case #57: OKEBHFJLIAMNCDG
Case #58: MMDGKALJIHFECBA
Case #59: RRBAACADABA
Case #60: BBA
Case #61: BB
Case #62: AAA
Case #63: CCCCCAAAABBAAAB
Case #64: MMAKJGEDABCFHIL
Case #65: CCCCCAAAAAAABBA
Case #66: CCCCAAAABAAABAB
Case #67: DDCCCBBBBBACA
Case #68: CCCCCCBBAAAABBA
Case #69: BBA
Case #70: BA
Case #71: BAA
Case #72: ZYRHLLMJBVJYWYM
Case #73: ZEDCBAYXWU
Case #74: VSBTMHJKJKFSRRJ
Case #75: ZDCBA
Case #76: CCCCCBBBBAAAAAB
Case #77: CCCCBAABBBAABBB
Case #78: CCCCCCBAABAAAAA
Case #79: BBA
Case #80: CAB
Case #81: MMABCGALKJIHFED
Case #82: ONMHLKJECGFIDAB
Case #83: CCCCCAAABBBABBA
Case #84: CCCCCBBBBBAAAAA
Case #85: ONMKDCJAGHIFBLE
Case #86: BAA
Case #87: A
Case #88: OMNLKCIHFGEDJBA
Case #89: CCCCCCBBAABBABB
Case #90: CCBBBBBABBBABBB
Case #91: BAAA
Case #92: BAAA
Case #93: ONBAMJIHGFDECKL
Case #94: CCCAABABBBAAAAA
Case #95: CBBBAAAAAAAAA
Case #96: DCBBBBBAABAABC
Case #97: ZVRHGGPHXJGKSYJ
Case #98: OKACDEGHBIJLMNF
Case #99: Z
Case #100: ONMIDCBAGHEJKLF
